{
  "RSpec": {
    "coverage": {
      "/Users/johnmaddux/Dropbox/Code/feed_engine/config/environment.rb": [
        null,
        1,
        null,
        null,
        1
      ],
      "/Users/johnmaddux/Dropbox/Code/feed_engine/config/application.rb": [
        1,
        null,
        null,
        1,
        1,
        1,
        1,
        1,
        null,
        null,
        1,
        null,
        1,
        null,
        null,
        null,
        null,
        1,
        1,
        null,
        null,
        null,
        null,
        null,
        null,
        null,
        null,
        null,
        null,
        null,
        null,
        null,
        null,
        null,
        null,
        null,
        null,
        null,
        null,
        null,
        null,
        null,
        1,
        null,
        null,
        1,
        null,
        null,
        1,
        null,
        null,
        null,
        null,
        null,
        null,
        null,
        null,
        null,
        null,
        1,
        null,
        null,
        1,
        null,
        null,
        1,
        null,
        null
      ],
      "/Users/johnmaddux/Dropbox/Code/feed_engine/config/boot.rb": [
        1,
        null,
        null,
        1,
        null,
        1
      ],
      "/Users/johnmaddux/Dropbox/Code/feed_engine/config/environments/test.rb": [
        1,
        null,
        null,
        null,
        null,
        null,
        null,
        1,
        null,
        null,
        1,
        1,
        null,
        null,
        1,
        null,
        null,
        1,
        1,
        null,
        null,
        1,
        null,
        null,
        1,
        null,
        null,
        null,
        null,
        1,
        null,
        null,
        1,
        null,
        null,
        1,
        null
      ],
      "/Users/johnmaddux/Dropbox/Code/feed_engine/config/initializers/backtrace_silencers.rb": [
        null,
        null,
        null,
        null,
        null,
        null,
        null
      ],
      "/Users/johnmaddux/Dropbox/Code/feed_engine/config/initializers/inflections.rb": [
        null,
        null,
        null,
        null,
        null,
        null,
        null,
        null,
        null,
        null,
        null,
        null,
        null,
        null,
        null
      ],
      "/Users/johnmaddux/Dropbox/Code/feed_engine/config/initializers/mime_types.rb": [
        null,
        null,
        null,
        null,
        null
      ],
      "/Users/johnmaddux/Dropbox/Code/feed_engine/config/initializers/omniauth.rb": [
        1,
        1,
        null,
        null
      ],
      "/Users/johnmaddux/Dropbox/Code/feed_engine/config/initializers/secret_token.rb": [
        null,
        null,
        null,
        null,
        null,
        null,
        1
      ],
      "/Users/johnmaddux/Dropbox/Code/feed_engine/config/initializers/session_store.rb": [
        null,
        null,
        1,
        null,
        null,
        null,
        null,
        null
      ],
      "/Users/johnmaddux/Dropbox/Code/feed_engine/config/initializers/twitter.rb": [
        1,
        1,
        1,
        1,
        1,
        null,
        null,
        null
      ],
      "/Users/johnmaddux/Dropbox/Code/feed_engine/config/initializers/wrap_parameters.rb": [
        null,
        null,
        null,
        null,
        null,
        null,
        1,
        1,
        null,
        null,
        null,
        1,
        1,
        null
      ],
      "/Users/johnmaddux/Dropbox/Code/feed_engine/app/controllers/application_controller.rb": [
        1,
        1,
        null,
        1,
        0,
        null,
        null,
        null,
        null,
        1,
        1,
        0,
        null,
        null,
        1,
        null,
        null
      ],
      "/Users/johnmaddux/Dropbox/Code/feed_engine/app/helpers/application_helper.rb": [
        1,
        null
      ],
      "/Users/johnmaddux/Dropbox/Code/feed_engine/app/helpers/omniauth_callbacks_helper.rb": [
        1,
        null
      ],
      "/Users/johnmaddux/Dropbox/Code/feed_engine/app/controllers/runs_controller.rb": [
        1,
        1,
        0,
        0,
        null,
        null
      ],
      "/Users/johnmaddux/Dropbox/Code/feed_engine/app/models/run.rb": [
        1,
        1,
        1,
        null,
        1,
        1,
        1,
        1,
        null,
        1,
        1,
        null,
        null,
        1,
        1,
        4,
        null,
        4,
        8,
        7,
        null,
        8,
        8,
        null,
        8,
        null,
        null,
        null
      ],
      "/Users/johnmaddux/Dropbox/Code/feed_engine/app/controllers/sessions_controller.rb": [
        1,
        1,
        0,
        0,
        0,
        null,
        null,
        1,
        0,
        0,
        null,
        null
      ],
      "/Users/johnmaddux/Dropbox/Code/feed_engine/app/models/user.rb": [
        1,
        1,
        1,
        null,
        1,
        null,
        1,
        1,
        null,
        null,
        1,
        1,
        1,
        1,
        null,
        1,
        null,
        null,
        1,
        1,
        null,
        null,
        1,
        2,
        null,
        null,
        1,
        8,
        null,
        null,
        1,
        null,
        13,
        null,
        null,
        1,
        8,
        8,
        8,
        8,
        null,
        null,
        1,
        3,
        null,
        null,
        1,
        3,
        3,
        3,
        3,
        3,
        3,
        3,
        null,
        null,
        null,
        null,
        null
      ],
      "/Users/johnmaddux/Dropbox/Code/feed_engine/app/models/user_run.rb": [
        1,
        null,
        1,
        10,
        10,
        10,
        10,
        10,
        null,
        null,
        null
      ],
      "/Users/johnmaddux/Dropbox/Code/feed_engine/config/routes.rb": [
        1,
        null,
        1,
        1,
        1,
        1,
        1,
        1,
        null,
        null,
        null,
        null,
        null,
        null,
        null,
        null,
        null,
        null,
        null,
        null,
        null,
        null,
        null,
        null,
        null,
        null,
        null,
        null,
        null,
        null,
        null,
        null,
        null,
        null,
        null,
        null,
        null,
        null,
        null,
        null,
        null,
        null,
        null,
        null,
        null,
        null,
        null,
        null,
        null,
        null,
        null,
        null,
        null,
        null,
        null,
        null,
        null,
        null,
        null,
        null,
        null,
        null,
        null,
        null,
        null,
        null,
        null
      ]
    },
    "timestamp": 1368904461
  }
}
